TN:
SF:/home/willyprayogo26/Desktop/server/app.js
FN:18,(anonymous_0)
FNF:1
FNH:1
FNDA:1,(anonymous_0)
DA:1,1
DA:3,1
DA:4,1
DA:5,1
DA:6,1
DA:7,1
DA:8,1
DA:10,1
DA:12,1
DA:13,1
DA:14,1
DA:16,1
DA:18,1
DA:19,1
DA:22,1
LF:15
LH:15
BRF:0
BRH:0
end_of_record
TN:
SF:/home/willyprayogo26/Desktop/server/controllers/index.js
FNF:0
FNH:0
DA:1,1
DA:3,1
LF:2
LH:2
BRF:0
BRH:0
end_of_record
TN:
SF:/home/willyprayogo26/Desktop/server/controllers/users.js
FN:5,(anonymous_0)
FN:12,(anonymous_1)
FN:15,(anonymous_2)
FN:34,(anonymous_3)
FN:38,(anonymous_4)
FN:55,(anonymous_5)
FN:60,(anonymous_6)
FN:62,(anonymous_7)
FN:65,(anonymous_8)
FN:70,(anonymous_9)
FN:81,(anonymous_10)
FN:86,(anonymous_11)
FNF:12
FNH:9
FNDA:5,(anonymous_0)
FNDA:1,(anonymous_1)
FNDA:4,(anonymous_2)
FNDA:2,(anonymous_3)
FNDA:2,(anonymous_4)
FNDA:0,(anonymous_5)
FNDA:1,(anonymous_6)
FNDA:1,(anonymous_7)
FNDA:0,(anonymous_8)
FNDA:1,(anonymous_9)
FNDA:1,(anonymous_10)
FNDA:0,(anonymous_11)
DA:1,1
DA:2,1
DA:6,5
DA:13,1
DA:16,4
DA:17,1
DA:20,3
DA:21,2
DA:24,1
DA:25,1
DA:29,0
DA:35,2
DA:39,2
DA:40,1
DA:43,1
DA:50,1
DA:56,0
DA:61,1
DA:63,1
DA:66,0
DA:71,1
DA:82,1
DA:83,1
DA:87,0
DA:92,1
LF:25
LH:21
BRDA:16,0,0,1
BRDA:16,0,1,3
BRDA:20,1,0,2
BRDA:20,1,1,1
BRDA:24,2,0,1
BRDA:24,2,1,0
BRDA:39,3,0,1
BRDA:39,3,1,1
BRDA:39,4,0,2
BRDA:39,4,1,1
BRDA:82,5,0,1
BRDA:82,5,1,0
BRF:12
BRH:10
end_of_record
TN:
SF:/home/willyprayogo26/Desktop/server/helpers/bcrypt.js
FN:6,(anonymous_0)
FN:9,(anonymous_1)
FNF:2
FNH:2
FNDA:2,(anonymous_0)
FNDA:1,(anonymous_1)
DA:1,1
DA:2,1
DA:3,1
DA:5,1
DA:7,2
DA:10,1
LF:6
LH:6
BRF:0
BRH:0
end_of_record
TN:
SF:/home/willyprayogo26/Desktop/server/helpers/index.js
FNF:0
FNH:0
DA:1,1
DA:2,1
DA:4,1
LF:3
LH:3
BRF:0
BRH:0
end_of_record
TN:
SF:/home/willyprayogo26/Desktop/server/helpers/jwt.js
FN:5,(anonymous_0)
FN:8,(anonymous_1)
FNF:2
FNH:2
FNDA:1,(anonymous_0)
FNDA:5,(anonymous_1)
DA:1,1
DA:2,1
DA:4,1
DA:6,1
DA:9,5
DA:10,5
DA:13,1
LF:7
LH:7
BRF:0
BRH:0
end_of_record
TN:
SF:/home/willyprayogo26/Desktop/server/middlewares/authenticate.js
FN:5,(anonymous_0)
FN:10,(anonymous_1)
FN:25,(anonymous_2)
FNF:3
FNH:2
FNDA:5,(anonymous_0)
FNDA:4,(anonymous_1)
FNDA:0,(anonymous_2)
DA:1,1
DA:2,1
DA:4,1
DA:6,5
DA:8,5
DA:9,4
DA:11,4
DA:12,3
DA:18,3
DA:20,1
DA:26,0
DA:31,1
LF:12
LH:11
BRDA:8,0,0,4
BRDA:8,0,1,1
BRDA:11,1,0,3
BRDA:11,1,1,1
BRF:4
BRH:4
end_of_record
TN:
SF:/home/willyprayogo26/Desktop/server/middlewares/authorize.js
FN:2,(anonymous_0)
FNF:1
FNH:1
FNDA:2,(anonymous_0)
DA:1,1
DA:3,2
DA:4,1
DA:6,1
LF:4
LH:4
BRDA:3,0,0,1
BRDA:3,0,1,1
BRF:2
BRH:2
end_of_record
TN:
SF:/home/willyprayogo26/Desktop/server/middlewares/index.js
FNF:0
FNH:0
DA:1,1
DA:2,1
DA:4,1
LF:3
LH:3
BRF:0
BRH:0
end_of_record
TN:
SF:/home/willyprayogo26/Desktop/server/models/index.js
FNF:0
FNH:0
DA:1,1
DA:3,1
LF:2
LH:2
BRF:0
BRH:0
end_of_record
TN:
SF:/home/willyprayogo26/Desktop/server/models/users.js
FN:14,(anonymous_0)
FN:20,(anonymous_1)
FN:27,(anonymous_2)
FN:32,(anonymous_3)
FN:43,(anonymous_4)
FN:57,(anonymous_5)
FN:63,(anonymous_6)
FNF:7
FNH:6
FNDA:6,(anonymous_0)
FNDA:5,(anonymous_1)
FNDA:5,(anonymous_2)
FNDA:0,(anonymous_3)
FNDA:6,(anonymous_4)
FNDA:2,(anonymous_5)
FNDA:1,(anonymous_6)
DA:1,1
DA:2,1
DA:3,1
DA:5,1
DA:15,6
DA:21,5
DA:28,5
DA:29,1
DA:33,0
DA:44,6
DA:57,1
DA:58,2
DA:59,2
DA:60,2
DA:63,1
DA:64,1
DA:65,1
DA:67,1
DA:70,1
DA:72,1
LF:20
LH:19
BRDA:28,0,0,1
BRDA:28,0,1,4
BRF:2
BRH:2
end_of_record
TN:
SF:/home/willyprayogo26/Desktop/server/routes/index.js
FNF:0
FNH:0
DA:1,1
DA:2,1
DA:3,1
DA:4,1
DA:6,1
DA:7,1
DA:9,1
DA:10,1
DA:12,1
LF:9
LH:9
BRF:0
BRH:0
end_of_record
TN:
SF:/home/willyprayogo26/Desktop/server/routes/users.js
FNF:0
FNH:0
DA:1,1
DA:2,1
DA:3,1
DA:5,1
DA:6,1
DA:8,1
LF:6
LH:6
BRF:0
BRH:0
end_of_record
