TN:
SF:/home/willyprayogo26/Desktop/server/app.js
FN:18,(anonymous_0)
FNF:1
FNH:1
FNDA:1,(anonymous_0)
DA:1,1
DA:3,1
DA:4,1
DA:5,1
DA:6,1
DA:7,1
DA:8,1
DA:10,1
DA:12,1
DA:13,1
DA:14,1
DA:16,1
DA:18,1
DA:19,1
DA:22,1
LF:15
LH:15
BRF:0
BRH:0
end_of_record
TN:
SF:/home/willyprayogo26/Desktop/server/controllers/index.js
FNF:0
FNH:0
DA:1,1
DA:3,1
LF:2
LH:2
BRF:0
BRH:0
end_of_record
TN:
SF:/home/willyprayogo26/Desktop/server/controllers/users.js
FN:5,(anonymous_0)
FN:12,(anonymous_1)
FN:15,(anonymous_2)
FN:32,(anonymous_3)
FN:36,(anonymous_4)
FN:56,(anonymous_5)
FN:60,(anonymous_6)
FN:65,(anonymous_7)
FN:76,(anonymous_8)
FNF:9
FNH:9
FNDA:5,(anonymous_0)
FNDA:1,(anonymous_1)
FNDA:4,(anonymous_2)
FNDA:2,(anonymous_3)
FNDA:2,(anonymous_4)
FNDA:1,(anonymous_5)
FNDA:1,(anonymous_6)
FNDA:1,(anonymous_7)
FNDA:1,(anonymous_8)
DA:1,1
DA:2,1
DA:6,5
DA:13,1
DA:16,4
DA:17,1
DA:20,3
DA:21,2
DA:25,1
DA:33,2
DA:37,2
DA:38,1
DA:41,1
DA:49,1
DA:57,1
DA:61,1
DA:66,1
DA:77,1
DA:82,1
LF:19
LH:19
BRDA:16,0,0,1
BRDA:16,0,1,3
BRDA:20,1,0,2
BRDA:20,1,1,1
BRDA:37,2,0,1
BRDA:37,2,1,1
BRDA:37,3,0,2
BRDA:37,3,1,1
BRF:8
BRH:8
end_of_record
TN:
SF:/home/willyprayogo26/Desktop/server/helpers/bcrypt.js
FN:6,(anonymous_0)
FN:9,(anonymous_1)
FNF:2
FNH:2
FNDA:2,(anonymous_0)
FNDA:1,(anonymous_1)
DA:1,1
DA:2,1
DA:3,1
DA:5,1
DA:7,2
DA:10,1
LF:6
LH:6
BRF:0
BRH:0
end_of_record
TN:
SF:/home/willyprayogo26/Desktop/server/helpers/index.js
FNF:0
FNH:0
DA:1,1
DA:2,1
DA:4,1
LF:3
LH:3
BRF:0
BRH:0
end_of_record
TN:
SF:/home/willyprayogo26/Desktop/server/helpers/jwt.js
FN:5,(anonymous_0)
FN:8,(anonymous_1)
FNF:2
FNH:2
FNDA:1,(anonymous_0)
FNDA:4,(anonymous_1)
DA:1,1
DA:2,1
DA:4,1
DA:6,1
DA:9,4
DA:10,4
DA:13,1
LF:7
LH:7
BRF:0
BRH:0
end_of_record
TN:
SF:/home/willyprayogo26/Desktop/server/middlewares/authenticate.js
FN:5,(anonymous_0)
FN:10,(anonymous_1)
FNF:2
FNH:2
FNDA:4,(anonymous_0)
FNDA:3,(anonymous_1)
DA:1,1
DA:2,1
DA:4,1
DA:6,4
DA:8,4
DA:9,3
DA:11,3
DA:12,2
DA:18,2
DA:20,1
DA:26,1
LF:11
LH:11
BRDA:8,0,0,3
BRDA:8,0,1,1
BRDA:11,1,0,2
BRDA:11,1,1,1
BRF:4
BRH:4
end_of_record
TN:
SF:/home/willyprayogo26/Desktop/server/middlewares/authorize.js
FN:2,(anonymous_0)
FNF:1
FNH:1
FNDA:2,(anonymous_0)
DA:1,1
DA:3,2
DA:4,1
DA:6,1
LF:4
LH:4
BRDA:3,0,0,1
BRDA:3,0,1,1
BRF:2
BRH:2
end_of_record
TN:
SF:/home/willyprayogo26/Desktop/server/middlewares/index.js
FNF:0
FNH:0
DA:1,1
DA:2,1
DA:4,1
LF:3
LH:3
BRF:0
BRH:0
end_of_record
TN:
SF:/home/willyprayogo26/Desktop/server/models/index.js
FNF:0
FNH:0
DA:1,1
DA:3,1
LF:2
LH:2
BRF:0
BRH:0
end_of_record
TN:
SF:/home/willyprayogo26/Desktop/server/models/users.js
FN:14,(anonymous_0)
FN:20,(anonymous_1)
FN:27,(anonymous_2)
FN:40,(anonymous_3)
FN:54,(anonymous_4)
FN:60,(anonymous_5)
FNF:6
FNH:6
FNDA:6,(anonymous_0)
FNDA:5,(anonymous_1)
FNDA:5,(anonymous_2)
FNDA:6,(anonymous_3)
FNDA:2,(anonymous_4)
FNDA:1,(anonymous_5)
DA:1,1
DA:2,1
DA:3,1
DA:5,1
DA:15,6
DA:21,5
DA:28,5
DA:29,1
DA:41,6
DA:54,1
DA:55,2
DA:56,2
DA:57,2
DA:60,1
DA:61,1
DA:62,1
DA:64,1
DA:67,1
DA:69,1
LF:19
LH:19
BRDA:28,0,0,1
BRDA:28,0,1,4
BRF:2
BRH:2
end_of_record
TN:
SF:/home/willyprayogo26/Desktop/server/routes/index.js
FNF:0
FNH:0
DA:1,1
DA:2,1
DA:3,1
DA:5,1
DA:6,1
DA:8,1
DA:10,1
LF:7
LH:7
BRF:0
BRH:0
end_of_record
TN:
SF:/home/willyprayogo26/Desktop/server/routes/users.js
FNF:0
FNH:0
DA:1,1
DA:2,1
DA:3,1
DA:4,1
DA:6,1
DA:8,1
DA:9,1
DA:11,1
LF:8
LH:8
BRF:0
BRH:0
end_of_record
